<?xml version='1.0'?>
<ns2:test-suite xmlns:ns2='urn:model.allure.qatools.yandex.ru' start='1672132174879' stop='1672132267576'>
    <name>pretaafeedback_test:</name>
    <title>pretaafeedback_test:</title>
    <test-cases>
        <test-case start='1672132198172' status='failed' stop='1672132228197'>
            <name>login_check @slow @slow @important</name>
            <title>login_check @slow @slow @important</title>
            <labels>
                <label name='tag' value='@slow'/>
                <label name='tag' value='@slow'/>
                <label name='tag' value='@important'/>
            </labels>
            <parameters/>
            <steps>
                <step start='1672132228196' status='failed' stop='1672132228197'>
                    <name>I am on page "/login"</name>
                    <title>I am on page "/login"</title>
                    <attachments/>
                    <steps/>
                </step>
            </steps>
            <attachments/>
            <failure>
                <message>Cannot open pages inside an Electron container</message>
                <stack-trace>Error: Cannot open pages inside an Electron container
                    at Playwright.amOnPage (/Users/macbook/Desktop/myfirstrepo/codeceptjs_practice/node_modules/codeceptjs/lib/helper/Playwright.js:820:13)
                    at Step.run (/Users/macbook/Desktop/myfirstrepo/codeceptjs_practice/node_modules/codeceptjs/lib/step.js:122:47)
                    at /Users/macbook/Desktop/myfirstrepo/codeceptjs_practice/node_modules/codeceptjs/lib/actor.js:134:23</stack-trace>
            </failure>
        </test-case>
        <test-case start='1672132228203' status='failed' stop='1672132232899'>
            <name>go to feedback</name>
            <title>go to feedback</title>
            <labels/>
            <parameters/>
            <steps>
                <step start='1672132228238' status='failed' stop='1672132232898'>
                    <name>I see "Events"</name>
                    <title>I see "Events"</title>
                    <attachments/>
                    <steps/>
                </step>
            </steps>
            <attachments/>
            <failure>
                <message>Cannot read property 'getProperty' of undefined</message>
                <stack-trace>TypeError: Cannot read property 'getProperty' of undefined
                    at Playwright.proceedSee (/Users/macbook/Desktop/myfirstrepo/codeceptjs_practice/node_modules/codeceptjs/lib/helper/Playwright.js:2642:25)</stack-trace>
            </failure>
        </test-case>
        <test-case start='1672132232905' status='failed' stop='1672132267573'>
            <name>submit feedback</name>
            <title>submit feedback</title>
            <labels/>
            <parameters/>
            <steps>
                <step start='1672132262914' status='failed' stop='1672132267572'>
                    <name>I click "[data-test-id="star-rating"] [data-test-id="rating-inactive"]:nth-child(3)"</name>
                    <title>I click "[data-test-id="star-rating"] [data-test-id="rating-inactive"]:nth-child(3)"</title>
                    <attachments/>
                    <steps/>
                </step>
            </steps>
            <attachments/>
            <failure>
                <message>Cannot read property '$$' of undefined</message>
                <stack-trace>TypeError: Cannot read property '$$' of undefined
                    at Playwright.findElements (/Users/macbook/Desktop/myfirstrepo/codeceptjs_practice/node_modules/codeceptjs/lib/helper/Playwright.js:2560:18)
                    at Playwright.findClickable (/Users/macbook/Desktop/myfirstrepo/codeceptjs_practice/node_modules/codeceptjs/lib/helper/Playwright.js:2610:47)
                    at Playwright.proceedClick (/Users/macbook/Desktop/myfirstrepo/codeceptjs_practice/node_modules/codeceptjs/lib/helper/Playwright.js:2583:35)</stack-trace>
            </failure>
        </test-case>
    </test-cases>
</ns2:test-suite>