<?xml version='1.0'?>
<ns2:test-suite xmlns:ns2='urn:model.allure.qatools.yandex.ru' start='1672132267582' stop='1672132401606'>
    <name>pretaacomments_test:</name>
    <title>pretaacomments_test:</title>
    <test-cases>
        <test-case start='1672132267583' status='failed' stop='1672132297592'>
            <name>Invalid email validation</name>
            <title>Invalid email validation</title>
            <labels/>
            <parameters/>
            <steps>
                <step start='1672132297591' status='failed' stop='1672132297591'>
                    <name>I am on page "/login"</name>
                    <title>I am on page "/login"</title>
                    <attachments/>
                    <steps/>
                </step>
            </steps>
            <attachments/>
            <failure>
                <message>Cannot open pages inside an Electron container</message>
                <stack-trace>Error: Cannot open pages inside an Electron container
                    at Playwright.amOnPage (/Users/macbook/Desktop/myfirstrepo/codeceptjs_practice/node_modules/codeceptjs/lib/helper/Playwright.js:820:13)
                    at Step.run (/Users/macbook/Desktop/myfirstrepo/codeceptjs_practice/node_modules/codeceptjs/lib/step.js:122:47)
                    at /Users/macbook/Desktop/myfirstrepo/codeceptjs_practice/node_modules/codeceptjs/lib/actor.js:134:23</stack-trace>
            </failure>
        </test-case>
        <test-case start='1672132297597' status='failed' stop='1672132332263'>
            <name>Password field blank validation @slow @important</name>
            <title>Password field blank validation @slow @important</title>
            <labels>
                <label name='tag' value='@slow'/>
                <label name='tag' value='@important'/>
            </labels>
            <parameters/>
            <steps>
                <step start='1672132327605' status='failed' stop='1672132332263'>
                    <name>I fill field "[data-testid="email"]", "admin@itobuz.com"</name>
                    <title>I fill field "[data-testid="email"]", "admin@itobuz.com"</title>
                    <attachments/>
                    <steps/>
                </step>
            </steps>
            <attachments/>
            <failure>
                <message>Cannot read property '$$' of undefined</message>
                <stack-trace>TypeError: Cannot read property '$$' of undefined
                    at findElements (/Users/macbook/Desktop/myfirstrepo/codeceptjs_practice/node_modules/codeceptjs/lib/helper/Playwright.js:2560:18)
                    at Playwright._locate (/Users/macbook/Desktop/myfirstrepo/codeceptjs_practice/node_modules/codeceptjs/lib/helper/Playwright.js:1051:12)
                    at async Playwright.fillField (/Users/macbook/Desktop/myfirstrepo/codeceptjs_practice/node_modules/codeceptjs/lib/helper/Playwright.js:1454:17)</stack-trace>
            </failure>
        </test-case>
        <test-case start='1672132332267' status='failed' stop='1672132366932'>
            <name>Email field blank validation</name>
            <title>Email field blank validation</title>
            <labels/>
            <parameters/>
            <steps>
                <step start='1672132362276' status='failed' stop='1672132366932'>
                    <name>I refresh page "/login"</name>
                    <title>I refresh page "/login"</title>
                    <attachments/>
                    <steps/>
                </step>
            </steps>
            <attachments/>
            <failure>
                <message>Cannot read property 'reload' of undefined</message>
                <stack-trace>TypeError: Cannot read property 'reload' of undefined
                    at Playwright.refreshPage (/Users/macbook/Desktop/myfirstrepo/codeceptjs_practice/node_modules/codeceptjs/lib/helper/Playwright.js:947:22)
                    at Step.run (/Users/macbook/Desktop/myfirstrepo/codeceptjs_practice/node_modules/codeceptjs/lib/step.js:122:47)
                    at /Users/macbook/Desktop/myfirstrepo/codeceptjs_practice/node_modules/codeceptjs/lib/actor.js:134:23</stack-trace>
            </failure>
        </test-case>
        <test-case start='1672132366938' status='failed' stop='1672132401603'>
            <name>ForgotPwd_invalid email validation</name>
            <title>ForgotPwd_invalid email validation</title>
            <labels/>
            <parameters/>
            <steps>
                <step start='1672132396945' status='failed' stop='1672132401602'>
                    <name>I click "[href="/forgot_password"]"</name>
                    <title>I click "[href="/forgot_password"]"</title>
                    <attachments/>
                    <steps/>
                </step>
            </steps>
            <attachments/>
            <failure>
                <message>Cannot read property '$$' of undefined</message>
                <stack-trace>TypeError: Cannot read property '$$' of undefined
                    at Playwright.findElements (/Users/macbook/Desktop/myfirstrepo/codeceptjs_practice/node_modules/codeceptjs/lib/helper/Playwright.js:2560:18)
                    at Playwright.findClickable (/Users/macbook/Desktop/myfirstrepo/codeceptjs_practice/node_modules/codeceptjs/lib/helper/Playwright.js:2610:47)
                    at Playwright.proceedClick (/Users/macbook/Desktop/myfirstrepo/codeceptjs_practice/node_modules/codeceptjs/lib/helper/Playwright.js:2583:35)</stack-trace>
            </failure>
        </test-case>
    </test-cases>
</ns2:test-suite>