<?xml version='1.0'?>
<ns2:test-suite xmlns:ns2='urn:model.allure.qatools.yandex.ru' start='1672321232300' stop='1672321245026'>
    <name>login:</name>
    <title>login:</title>
    <test-cases>
        <test-case start='1672321232300' status='failed' stop='1672321238565'>
            <name>PretaaLogin_test | {"login":"jiniya+1@itobuz.com","password":"Password@50"}</name>
            <title>PretaaLogin_test | {"login":"jiniya+1@itobuz.com","password":"Password@50"}</title>
            <labels>
                <label name='tag' value='@itobuz'/>
                <label name='tag' value='@50'/>
            </labels>
            <parameters/>
            <steps>
                <step start='1672321232307' status='passed' stop='1672321233872'>
                    <name>I am on page "/login"</name>
                    <title>I am on page "/login"</title>
                    <attachments/>
                    <steps/>
                </step>
                <step start='1672321233872' status='failed' stop='1672321238565'>
                    <name>I fill field "[data-testid="email"]", "jiniya+1@itobuz.com"</name>
                    <title>I fill field "[data-testid="email"]", "jiniya+1@itobuz.com"</title>
                    <attachments/>
                    <steps/>
                </step>
            </steps>
            <attachments>
                <attachment title='Last Seen Screenshot' source='1a14167f-bee0-49cb-9f63-af0f9ee9ac08-attachment.png' type='image/png' size='108963'/>
            </attachments>
            <failure>
                <message>Field "[data-testid="email"]" was not found by text|CSS|XPath</message>
                <stack-trace>Error: Field "[data-testid="email"]" was not found by text|CSS|XPath
                    at new ElementNotFound (/Users/itobuz/Desktop/macbook/codeceptjs_practice/node_modules/codeceptjs/lib/helper/errors/ElementNotFound.js:14:11)
                    at assertElementExists (/Users/itobuz/Desktop/macbook/codeceptjs_practice/node_modules/codeceptjs/lib/helper/Playwright.js:2811:11)
                    at Playwright.fillField (/Users/itobuz/Desktop/macbook/codeceptjs_practice/node_modules/codeceptjs/lib/helper/Playwright.js:1455:5)</stack-trace>
            </failure>
        </test-case>
        <test-case start='1672321238677' status='failed' stop='1672321244923'>
            <name>PretaaLogin_test | {"login":"jiniya+1+admin@itobuz.com","password":"Password@50"}</name>
            <title>PretaaLogin_test | {"login":"jiniya+1+admin@itobuz.com","password":"Password@50"}</title>
            <labels>
                <label name='tag' value='@itobuz'/>
                <label name='tag' value='@50'/>
            </labels>
            <parameters/>
            <steps>
                <step start='1672321238679' status='passed' stop='1672321240237'>
                    <name>I am on page "/login"</name>
                    <title>I am on page "/login"</title>
                    <attachments/>
                    <steps/>
                </step>
                <step start='1672321240237' status='failed' stop='1672321244923'>
                    <name>I fill field "[data-testid="email"]", "jiniya+1+admin@itobuz.com"</name>
                    <title>I fill field "[data-testid="email"]", "jiniya+1+admin@itobuz.com"</title>
                    <attachments/>
                    <steps/>
                </step>
            </steps>
            <attachments>
                <attachment title='Last Seen Screenshot' source='f117cc28-2543-4ec6-82cf-d66fd7ba4db9-attachment.png' type='image/png' size='108968'/>
            </attachments>
            <failure>
                <message>Field "[data-testid="email"]" was not found by text|CSS|XPath</message>
                <stack-trace>Error: Field "[data-testid="email"]" was not found by text|CSS|XPath
                    at new ElementNotFound (/Users/itobuz/Desktop/macbook/codeceptjs_practice/node_modules/codeceptjs/lib/helper/errors/ElementNotFound.js:14:11)
                    at assertElementExists (/Users/itobuz/Desktop/macbook/codeceptjs_practice/node_modules/codeceptjs/lib/helper/Playwright.js:2811:11)
                    at Playwright.fillField (/Users/itobuz/Desktop/macbook/codeceptjs_practice/node_modules/codeceptjs/lib/helper/Playwright.js:1455:5)</stack-trace>
            </failure>
        </test-case>
    </test-cases>
</ns2:test-suite>