<?xml version='1.0'?>
<ns2:test-suite xmlns:ns2='urn:model.allure.qatools.yandex.ru' start='1672139246076' stop='1672139256883'>
    <name>setting_test:</name>
    <title>setting_test:</title>
    <test-cases>
        <test-case start='1672139246730' status='failed' stop='1672139251990'>
            <name>go to admin</name>
            <title>go to admin</title>
            <labels/>
            <parameters/>
            <steps>
                <step start='1672139247283' status='failed' stop='1672139251988'>
                    <name>I click ".pl-4 div:nth-child(4) h3"</name>
                    <title>I click ".pl-4 div:nth-child(4) h3"</title>
                    <attachments/>
                    <steps/>
                </step>
            </steps>
            <attachments>
                <attachment title='Last Seen Screenshot' source='cd989985-2e2d-4e3d-a9aa-4b20cfce39d2-attachment.png' type='image/png' size='5320'/>
            </attachments>
            <failure>
                <message>Clickable element ".pl-4 div:nth-child(4) h3" was not found by text|CSS|XPath</message>
                <stack-trace>Error: Clickable element ".pl-4 div:nth-child(4) h3" was not found by text|CSS|XPath
                    at new ElementNotFound (/Users/itobuz/Desktop/macbook/codeceptjs_practice/node_modules/codeceptjs/lib/helper/errors/ElementNotFound.js:14:11)
                    at assertElementExists (/Users/itobuz/Desktop/macbook/codeceptjs_practice/node_modules/codeceptjs/lib/helper/Playwright.js:2811:11)
                    at Playwright.proceedClick (/Users/itobuz/Desktop/macbook/codeceptjs_practice/node_modules/codeceptjs/lib/helper/Playwright.js:2587:5)</stack-trace>
            </failure>
        </test-case>
        <test-case start='1672139252096' status='failed' stop='1672139256784'>
            <name>go to group search</name>
            <title>go to group search</title>
            <labels/>
            <parameters/>
            <steps>
                <step start='1672139252100' status='failed' stop='1672139256782'>
                    <name>I click "[href="/settings/admin/user-list"]"</name>
                    <title>I click "[href="/settings/admin/user-list"]"</title>
                    <attachments/>
                    <steps/>
                </step>
            </steps>
            <attachments>
                <attachment title='Last Seen Screenshot' source='cdbb89e1-fc69-4274-bbf4-af269aee7c0a-attachment.png' type='image/png' size='5320'/>
            </attachments>
            <failure>
                <message>Clickable element "[href="/settings/admin/user-list"]" was not found by text|CSS|XPath</message>
                <stack-trace>Error: Clickable element "[href="/settings/admin/user-list"]" was not found by text|CSS|XPath
                    at new ElementNotFound (/Users/itobuz/Desktop/macbook/codeceptjs_practice/node_modules/codeceptjs/lib/helper/errors/ElementNotFound.js:14:11)
                    at assertElementExists (/Users/itobuz/Desktop/macbook/codeceptjs_practice/node_modules/codeceptjs/lib/helper/Playwright.js:2811:11)
                    at Playwright.proceedClick (/Users/itobuz/Desktop/macbook/codeceptjs_practice/node_modules/codeceptjs/lib/helper/Playwright.js:2587:5)
                    at async Test.&lt;anonymous> (/Users/itobuz/Desktop/macbook/codeceptjs_practice/specs/setting_test.ts:26:21)</stack-trace>
            </failure>
        </test-case>
    </test-cases>
</ns2:test-suite>