<?xml version='1.0'?>
<ns2:test-suite xmlns:ns2='urn:model.allure.qatools.yandex.ru' start='1672138984899' stop='1672138995811'>
    <name>setting_test:</name>
    <title>setting_test:</title>
    <test-cases>
        <test-case start='1672138985635' status='failed' stop='1672138990926'>
            <name>go to admin</name>
            <title>go to admin</title>
            <labels/>
            <parameters/>
            <steps>
                <step start='1672138986210' status='failed' stop='1672138990925'>
                    <name>I click ".pl-4 div:nth-child(4) h3"</name>
                    <title>I click ".pl-4 div:nth-child(4) h3"</title>
                    <attachments/>
                    <steps/>
                </step>
            </steps>
            <attachments>
                <attachment title='Last Seen Screenshot' source='73339746-ddc1-4d58-ab7d-81602f43285d-attachment.png' type='image/png' size='5320'/>
            </attachments>
            <failure>
                <message>Clickable element ".pl-4 div:nth-child(4) h3" was not found by text|CSS|XPath</message>
                <stack-trace>Error: Clickable element ".pl-4 div:nth-child(4) h3" was not found by text|CSS|XPath
                    at new ElementNotFound (/Users/itobuz/Desktop/macbook/codeceptjs_practice/node_modules/codeceptjs/lib/helper/errors/ElementNotFound.js:14:11)
                    at assertElementExists (/Users/itobuz/Desktop/macbook/codeceptjs_practice/node_modules/codeceptjs/lib/helper/Playwright.js:2811:11)
                    at Playwright.proceedClick (/Users/itobuz/Desktop/macbook/codeceptjs_practice/node_modules/codeceptjs/lib/helper/Playwright.js:2587:5)</stack-trace>
            </failure>
        </test-case>
        <test-case start='1672138991025' status='failed' stop='1672138995714'>
            <name>go to group search</name>
            <title>go to group search</title>
            <labels/>
            <parameters/>
            <steps>
                <step start='1672138991029' status='failed' stop='1672138995712'>
                    <name>I click "[href="/settings/admin/user-list"]"</name>
                    <title>I click "[href="/settings/admin/user-list"]"</title>
                    <attachments/>
                    <steps/>
                </step>
            </steps>
            <attachments>
                <attachment title='Last Seen Screenshot' source='488a0b4d-abab-4d7d-a69b-eca51f7340c3-attachment.png' type='image/png' size='5320'/>
            </attachments>
            <failure>
                <message>Clickable element "[href="/settings/admin/user-list"]" was not found by text|CSS|XPath</message>
                <stack-trace>Error: Clickable element "[href="/settings/admin/user-list"]" was not found by text|CSS|XPath
                    at new ElementNotFound (/Users/itobuz/Desktop/macbook/codeceptjs_practice/node_modules/codeceptjs/lib/helper/errors/ElementNotFound.js:14:11)
                    at assertElementExists (/Users/itobuz/Desktop/macbook/codeceptjs_practice/node_modules/codeceptjs/lib/helper/Playwright.js:2811:11)
                    at Playwright.proceedClick (/Users/itobuz/Desktop/macbook/codeceptjs_practice/node_modules/codeceptjs/lib/helper/Playwright.js:2587:5)
                    at async Test.&lt;anonymous> (/Users/itobuz/Desktop/macbook/codeceptjs_practice/specs/setting_test.ts:26:21)</stack-trace>
            </failure>
        </test-case>
    </test-cases>
</ns2:test-suite>