<?xml version='1.0'?>
<ns2:test-suite xmlns:ns2='urn:model.allure.qatools.yandex.ru' start='1672139989528' stop='1672139999224'>
    <name>pretaacomments_test:</name>
    <title>pretaacomments_test:</title>
    <test-cases>
        <test-case start='1672139989528' status='failed' stop='1672139994219'>
            <name>Password field blank validation</name>
            <title>Password field blank validation</title>
            <labels/>
            <parameters/>
            <steps>
                <step start='1672139989532' status='failed' stop='1672139994212'>
                    <name>I fill field "[data-testid="email"]", "admin@itobuz.com"</name>
                    <title>I fill field "[data-testid="email"]", "admin@itobuz.com"</title>
                    <attachments/>
                    <steps/>
                </step>
            </steps>
            <attachments>
                <attachment title='Last Seen Screenshot' source='c4b85e4b-0ef9-42ae-8232-fba70c66452e-attachment.png' type='image/png' size='109970'/>
            </attachments>
            <failure>
                <message>Field "[data-testid="email"]" was not found by text|CSS|XPath</message>
                <stack-trace>Error: Field "[data-testid="email"]" was not found by text|CSS|XPath
                    at new ElementNotFound (/Users/macbook/Desktop/myfirstrepo/codeceptjs_practice/node_modules/codeceptjs/lib/helper/errors/ElementNotFound.js:14:11)
                    at assertElementExists (/Users/macbook/Desktop/myfirstrepo/codeceptjs_practice/node_modules/codeceptjs/lib/helper/Playwright.js:2811:11)
                    at Playwright.fillField (/Users/macbook/Desktop/myfirstrepo/codeceptjs_practice/node_modules/codeceptjs/lib/helper/Playwright.js:1455:5)</stack-trace>
            </failure>
        </test-case>
        <test-case start='1672139994369' status='failed' stop='1672139999065'>
            <name>ForgotPwd_invalid email validation</name>
            <title>ForgotPwd_invalid email validation</title>
            <labels/>
            <parameters/>
            <steps>
                <step start='1672139994374' status='failed' stop='1672139999060'>
                    <name>I click "[href="/forgot_password"]"</name>
                    <title>I click "[href="/forgot_password"]"</title>
                    <attachments/>
                    <steps/>
                </step>
            </steps>
            <attachments>
                <attachment title='Last Seen Screenshot' source='36a89547-83c6-4893-a870-2bf5e0d3800b-attachment.png' type='image/png' size='109970'/>
            </attachments>
            <failure>
                <message>Clickable element "[href="/forgot_password"]" was not found by text|CSS|XPath</message>
                <stack-trace>Error: Clickable element "[href="/forgot_password"]" was not found by text|CSS|XPath
                    at new ElementNotFound (/Users/macbook/Desktop/myfirstrepo/codeceptjs_practice/node_modules/codeceptjs/lib/helper/errors/ElementNotFound.js:14:11)
                    at assertElementExists (/Users/macbook/Desktop/myfirstrepo/codeceptjs_practice/node_modules/codeceptjs/lib/helper/Playwright.js:2811:11)
                    at Playwright.proceedClick (/Users/macbook/Desktop/myfirstrepo/codeceptjs_practice/node_modules/codeceptjs/lib/helper/Playwright.js:2587:5)</stack-trace>
            </failure>
        </test-case>
    </test-cases>
</ns2:test-suite>