<?xml version='1.0'?>
<ns2:test-suite xmlns:ns2='urn:model.allure.qatools.yandex.ru' start='1672136282540' stop='1672136298351'>
    <name>pretaafeedback_test:</name>
    <title>pretaafeedback_test:</title>
    <test-cases>
        <test-case start='1672136282987' status='failed' stop='1672136288573'>
            <name>login check</name>
            <title>login check</title>
            <labels/>
            <parameters/>
            <steps>
                <step start='1672136283851' status='failed' stop='1672136288572'>
                    <name>I see element "[src="./pretaa-logo.png"]"</name>
                    <title>I see element "[src="./pretaa-logo.png"]"</title>
                    <attachments/>
                    <steps/>
                </step>
            </steps>
            <attachments>
                <attachment title='Last Seen Screenshot' source='de4b7bbf-0374-4ac5-9a40-259dd7c3c656-attachment.png' type='image/png' size='5320'/>
            </attachments>
            <failure>
                <message></message>
                <stack-trace>undefined</stack-trace>
            </failure>
        </test-case>
        <test-case start='1672136288694' status='failed' stop='1672136293432'>
            <name>go to feedback</name>
            <title>go to feedback</title>
            <labels/>
            <parameters/>
            <steps>
                <step start='1672136288699' status='failed' stop='1672136293432'>
                    <name>I see "Events"</name>
                    <title>I see "Events"</title>
                    <attachments/>
                    <steps/>
                </step>
            </steps>
            <attachments>
                <attachment title='Last Seen Screenshot' source='d040e772-4324-4b61-a470-e201849fafbd-attachment.png' type='image/png' size='5320'/>
            </attachments>
            <failure>
                <message></message>
                <stack-trace>undefined</stack-trace>
            </failure>
        </test-case>
        <test-case start='1672136293544' status='failed' stop='1672136298236'>
            <name>submit feedback</name>
            <title>submit feedback</title>
            <labels/>
            <parameters/>
            <steps>
                <step start='1672136293550' status='failed' stop='1672136298236'>
                    <name>I click "[data-test-id="star-rating"] [data-test-id="rating-inactive"]:nth-child(5)"</name>
                    <title>I click "[data-test-id="star-rating"] [data-test-id="rating-inactive"]:nth-child(5)"</title>
                    <attachments/>
                    <steps/>
                </step>
            </steps>
            <attachments>
                <attachment title='Last Seen Screenshot' source='1107dfd8-4b82-490e-ab1f-abcabcc78a82-attachment.png' type='image/png' size='5320'/>
            </attachments>
            <failure>
                <message>Clickable element "[data-test-id="star-rating"] [data-test-id="rating-inactive"]:nth-child(5)" was not found by text|CSS|XPath</message>
                <stack-trace>Error: Clickable element "[data-test-id="star-rating"] [data-test-id="rating-inactive"]:nth-child(5)" was not found by text|CSS|XPath
                    at new ElementNotFound (/Users/macbook/Desktop/myfirstrepo/codeceptjs_practice/node_modules/codeceptjs/lib/helper/errors/ElementNotFound.js:14:11)
                    at assertElementExists (/Users/macbook/Desktop/myfirstrepo/codeceptjs_practice/node_modules/codeceptjs/lib/helper/Playwright.js:2811:11)
                    at Playwright.proceedClick (/Users/macbook/Desktop/myfirstrepo/codeceptjs_practice/node_modules/codeceptjs/lib/helper/Playwright.js:2587:5)</stack-trace>
            </failure>
        </test-case>
    </test-cases>
</ns2:test-suite>