<?xml version='1.0'?>
<ns2:test-suite xmlns:ns2='urn:model.allure.qatools.yandex.ru' start='1672307758795' stop='1672307776957'>
    <name>setting_test:</name>
    <title>setting_test:</title>
    <test-cases>
        <test-case start='1672307758795' status='pending' stop='1672307758795'>
            <name>go to users</name>
            <title>go to users</title>
            <labels/>
            <parameters/>
            <steps/>
            <attachments/>
            <failure>
                <message>Test ignored</message>
                <stack-trace>undefined</stack-trace>
            </failure>
        </test-case>
        <test-case start='1672307759443' status='passed' stop='1672307770755'>
            <name>go to setting</name>
            <title>go to setting</title>
            <labels/>
            <parameters/>
            <steps>
                <step start='1672307759931' status='passed' stop='1672307761999'>
                    <name>I am on page "/login"</name>
                    <title>I am on page "/login"</title>
                    <attachments/>
                    <steps/>
                </step>
                <step start='1672307761999' status='passed' stop='1672307762006'>
                    <name>I see "Continue"</name>
                    <title>I see "Continue"</title>
                    <attachments/>
                    <steps/>
                </step>
                <step start='1672307762006' status='passed' stop='1672307762472'>
                    <name>I fill field "[data-testid="email"]", "jiniya+1+admin@itobuz.com"</name>
                    <title>I fill field "[data-testid="email"]", "jiniya+1+admin@itobuz.com"</title>
                    <attachments/>
                    <steps/>
                </step>
                <step start='1672307762473' status='passed' stop='1672307762691'>
                    <name>I click "[data-testid="continue-btn"]"</name>
                    <title>I click "[data-testid="continue-btn"]"</title>
                    <attachments/>
                    <steps/>
                </step>
                <step start='1672307762691' status='passed' stop='1672307765252'>
                    <name>I fill field "[data-testid="password"]", "Password@50"</name>
                    <title>I fill field "[data-testid="password"]", "Password@50"</title>
                    <attachments/>
                    <steps/>
                </step>
                <step start='1672307765252' status='passed' stop='1672307765260'>
                    <name>I see "Show Password"</name>
                    <title>I see "Show Password"</title>
                    <attachments/>
                    <steps/>
                </step>
                <step start='1672307765260' status='passed' stop='1672307766261'>
                    <name>I wait 1</name>
                    <title>I wait 1</title>
                    <attachments/>
                    <steps/>
                </step>
                <step start='1672307766261' status='passed' stop='1672307766392'>
                    <name>I click "[type="button"]"</name>
                    <title>I click "[type="button"]"</title>
                    <attachments/>
                    <steps/>
                </step>
                <step start='1672307766393' status='passed' stop='1672307766560'>
                    <name>I click "[data-testid="submit-btn"]"</name>
                    <title>I click "[data-testid="submit-btn"]"</title>
                    <attachments/>
                    <steps/>
                </step>
                <step start='1672307766560' status='passed' stop='1672307769563'>
                    <name>I wait 3</name>
                    <title>I wait 3</title>
                    <attachments/>
                    <steps/>
                </step>
                <step start='1672307769567' status='passed' stop='1672307769752'>
                    <name>I click "[href="/settings/preferences/profile"]"</name>
                    <title>I click "[href="/settings/preferences/profile"]"</title>
                    <attachments/>
                    <steps/>
                </step>
                <step start='1672307769752' status='passed' stop='1672307770755'>
                    <name>I wait 1</name>
                    <title>I wait 1</title>
                    <attachments/>
                    <steps/>
                </step>
            </steps>
            <attachments/>
        </test-case>
        <test-case start='1672307770765' status='passed' stop='1672307770912'>
            <name>go to admin</name>
            <title>go to admin</title>
            <labels/>
            <parameters/>
            <steps>
                <step start='1672307770772' status='passed' stop='1672307770912'>
                    <name>I click ".pl-4 div:nth-child(4) h3"</name>
                    <title>I click ".pl-4 div:nth-child(4) h3"</title>
                    <attachments/>
                    <steps/>
                </step>
            </steps>
            <attachments/>
        </test-case>
        <test-case start='1672307770927' status='failed' stop='1672307776871'>
            <name>go to group search</name>
            <title>go to group search</title>
            <labels/>
            <parameters/>
            <steps>
                <step start='1672307770931' status='passed' stop='1672307771063'>
                    <name>I click "[href="/settings/preferences/profile"]"</name>
                    <title>I click "[href="/settings/preferences/profile"]"</title>
                    <attachments/>
                    <steps/>
                </step>
                <step start='1672307771063' status='passed' stop='1672307772065'>
                    <name>I wait 1</name>
                    <title>I wait 1</title>
                    <attachments/>
                    <steps/>
                </step>
                <step start='1672307772065' status='passed' stop='1672307772188'>
                    <name>I click ".pl-4 div:nth-child(4) h3"</name>
                    <title>I click ".pl-4 div:nth-child(4) h3"</title>
                    <attachments/>
                    <steps/>
                </step>
                <step start='1672307772188' status='failed' stop='1672307776870'>
                    <name>I click "[href="/settings/admin/user-groups"]"</name>
                    <title>I click "[href="/settings/admin/user-groups"]"</title>
                    <attachments/>
                    <steps/>
                </step>
            </steps>
            <attachments>
                <attachment title='Last Seen Screenshot' source='b7d29ba4-4ee9-47fb-8c74-0a9342c6bd8e-attachment.png' type='image/png' size='59391'/>
            </attachments>
            <failure>
                <message>Clickable element "[href="/settings/admin/user-groups"]" was not found by text|CSS|XPath</message>
                <stack-trace>Error: Clickable element "[href="/settings/admin/user-groups"]" was not found by text|CSS|XPath
                    at new ElementNotFound (/Users/itobuz/Desktop/macbook/codeceptjs_practice/node_modules/codeceptjs/lib/helper/errors/ElementNotFound.js:14:11)
                    at assertElementExists (/Users/itobuz/Desktop/macbook/codeceptjs_practice/node_modules/codeceptjs/lib/helper/Playwright.js:2811:11)
                    at Playwright.proceedClick (/Users/itobuz/Desktop/macbook/codeceptjs_practice/node_modules/codeceptjs/lib/helper/Playwright.js:2587:5)</stack-trace>
            </failure>
        </test-case>
    </test-cases>
</ns2:test-suite>