<?xml version='1.0'?>
<ns2:test-suite xmlns:ns2='urn:model.allure.qatools.yandex.ru' start='1672394786274' stop='1672394819894'>
    <name>login:</name>
    <title>login:</title>
    <test-cases>
        <test-case start='1672394786274' status='failed' stop='1672394804624'>
            <name>PretaaLogin_test | {"login":"jiniya+1@itobuz.com","password":"Password@50"}</name>
            <title>PretaaLogin_test | {"login":"jiniya+1@itobuz.com","password":"Password@50"}</title>
            <labels>
                <label name='tag' value='@itobuz'/>
                <label name='tag' value='@50'/>
            </labels>
            <parameters/>
            <steps>
                <step start='1672394786281' status='passed' stop='1672394799932'>
                    <name>I am on page "/login"</name>
                    <title>I am on page "/login"</title>
                    <attachments/>
                    <steps/>
                </step>
                <step start='1672394799932' status='failed' stop='1672394804623'>
                    <name>I fill field "[data-testid="email"]", "jiniya+1@itobuz.com"</name>
                    <title>I fill field "[data-testid="email"]", "jiniya+1@itobuz.com"</title>
                    <attachments/>
                    <steps/>
                </step>
            </steps>
            <attachments>
                <attachment title='Last Seen Screenshot' source='0c5ebcb4-eaeb-4907-ae7a-7107e1a47f16-attachment.png' type='image/png' size='108963'/>
            </attachments>
            <failure>
                <message>Field "[data-testid="email"]" was not found by text|CSS|XPath</message>
                <stack-trace>Error: Field "[data-testid="email"]" was not found by text|CSS|XPath
                    at new ElementNotFound (/Users/itobuz/Desktop/macbook/codeceptjs_practice/node_modules/codeceptjs/lib/helper/errors/ElementNotFound.js:14:11)
                    at assertElementExists (/Users/itobuz/Desktop/macbook/codeceptjs_practice/node_modules/codeceptjs/lib/helper/Playwright.js:2811:11)
                    at Playwright.fillField (/Users/itobuz/Desktop/macbook/codeceptjs_practice/node_modules/codeceptjs/lib/helper/Playwright.js:1455:5)</stack-trace>
            </failure>
        </test-case>
        <test-case start='1672394804742' status='failed' stop='1672394819792'>
            <name>PretaaLogin_test | {"login":"jiniya+1+admin@itobuz.com","password":"Password@50"}</name>
            <title>PretaaLogin_test | {"login":"jiniya+1+admin@itobuz.com","password":"Password@50"}</title>
            <labels>
                <label name='tag' value='@itobuz'/>
                <label name='tag' value='@50'/>
            </labels>
            <parameters/>
            <steps>
                <step start='1672394804744' status='passed' stop='1672394815105'>
                    <name>I am on page "/login"</name>
                    <title>I am on page "/login"</title>
                    <attachments/>
                    <steps/>
                </step>
                <step start='1672394815105' status='failed' stop='1672394819792'>
                    <name>I fill field "[data-testid="email"]", "jiniya+1+admin@itobuz.com"</name>
                    <title>I fill field "[data-testid="email"]", "jiniya+1+admin@itobuz.com"</title>
                    <attachments/>
                    <steps/>
                </step>
            </steps>
            <attachments>
                <attachment title='Last Seen Screenshot' source='a514b4a3-59b0-449a-b537-ab3f02ef99bb-attachment.png' type='image/png' size='108968'/>
            </attachments>
            <failure>
                <message>Field "[data-testid="email"]" was not found by text|CSS|XPath</message>
                <stack-trace>Error: Field "[data-testid="email"]" was not found by text|CSS|XPath
                    at new ElementNotFound (/Users/itobuz/Desktop/macbook/codeceptjs_practice/node_modules/codeceptjs/lib/helper/errors/ElementNotFound.js:14:11)
                    at assertElementExists (/Users/itobuz/Desktop/macbook/codeceptjs_practice/node_modules/codeceptjs/lib/helper/Playwright.js:2811:11)
                    at Playwright.fillField (/Users/itobuz/Desktop/macbook/codeceptjs_practice/node_modules/codeceptjs/lib/helper/Playwright.js:1455:5)</stack-trace>
            </failure>
        </test-case>
    </test-cases>
</ns2:test-suite>