<?xml version='1.0'?>
<ns2:test-suite xmlns:ns2='urn:model.allure.qatools.yandex.ru' start='1672308547651' stop='1672308585266'>
    <name>setting_test:</name>
    <title>setting_test:</title>
    <test-cases>
        <test-case start='1672308547651' status='pending' stop='1672308547651'>
            <name>go to users</name>
            <title>go to users</title>
            <labels/>
            <parameters/>
            <steps/>
            <attachments/>
            <failure>
                <message>Test ignored</message>
                <stack-trace>undefined</stack-trace>
            </failure>
        </test-case>
        <test-case start='1672308548282' status='passed' stop='1672308559834'>
            <name>go to setting</name>
            <title>go to setting</title>
            <labels/>
            <parameters/>
            <steps>
                <step start='1672308548788' status='passed' stop='1672308551104'>
                    <name>I am on page "/login"</name>
                    <title>I am on page "/login"</title>
                    <attachments/>
                    <steps/>
                </step>
                <step start='1672308551104' status='passed' stop='1672308551111'>
                    <name>I see "Continue"</name>
                    <title>I see "Continue"</title>
                    <attachments/>
                    <steps/>
                </step>
                <step start='1672308551111' status='passed' stop='1672308551575'>
                    <name>I fill field "[data-testid="email"]", "jiniya+1+admin@itobuz.com"</name>
                    <title>I fill field "[data-testid="email"]", "jiniya+1+admin@itobuz.com"</title>
                    <attachments/>
                    <steps/>
                </step>
                <step start='1672308551576' status='passed' stop='1672308551805'>
                    <name>I click "[data-testid="continue-btn"]"</name>
                    <title>I click "[data-testid="continue-btn"]"</title>
                    <attachments/>
                    <steps/>
                </step>
                <step start='1672308551805' status='passed' stop='1672308554358'>
                    <name>I fill field "[data-testid="password"]", "Password@50"</name>
                    <title>I fill field "[data-testid="password"]", "Password@50"</title>
                    <attachments/>
                    <steps/>
                </step>
                <step start='1672308554359' status='passed' stop='1672308554369'>
                    <name>I see "Show Password"</name>
                    <title>I see "Show Password"</title>
                    <attachments/>
                    <steps/>
                </step>
                <step start='1672308554369' status='passed' stop='1672308555370'>
                    <name>I wait 1</name>
                    <title>I wait 1</title>
                    <attachments/>
                    <steps/>
                </step>
                <step start='1672308555370' status='passed' stop='1672308555501'>
                    <name>I click "[type="button"]"</name>
                    <title>I click "[type="button"]"</title>
                    <attachments/>
                    <steps/>
                </step>
                <step start='1672308555502' status='passed' stop='1672308555669'>
                    <name>I click "[data-testid="submit-btn"]"</name>
                    <title>I click "[data-testid="submit-btn"]"</title>
                    <attachments/>
                    <steps/>
                </step>
                <step start='1672308555670' status='passed' stop='1672308558671'>
                    <name>I wait 3</name>
                    <title>I wait 3</title>
                    <attachments/>
                    <steps/>
                </step>
                <step start='1672308558671' status='passed' stop='1672308558831'>
                    <name>I click "[href="/settings/preferences/profile"]"</name>
                    <title>I click "[href="/settings/preferences/profile"]"</title>
                    <attachments/>
                    <steps/>
                </step>
                <step start='1672308558831' status='passed' stop='1672308559833'>
                    <name>I wait 1</name>
                    <title>I wait 1</title>
                    <attachments/>
                    <steps/>
                </step>
            </steps>
            <attachments/>
        </test-case>
        <test-case start='1672308559843' status='passed' stop='1672308559986'>
            <name>go to admin</name>
            <title>go to admin</title>
            <labels/>
            <parameters/>
            <steps>
                <step start='1672308559849' status='passed' stop='1672308559986'>
                    <name>I click ".pl-4 div:nth-child(4) h3"</name>
                    <title>I click ".pl-4 div:nth-child(4) h3"</title>
                    <attachments/>
                    <steps/>
                </step>
            </steps>
            <attachments/>
        </test-case>
        <test-case start='1672308560001' status='failed' stop='1672308584995'>
            <name>go to group search</name>
            <title>go to group search</title>
            <labels/>
            <parameters/>
            <steps>
                <step start='1672308560007' status='passed' stop='1672308560164'>
                    <name>I click "[href="/settings/admin/user-list"]"</name>
                    <title>I click "[href="/settings/admin/user-list"]"</title>
                    <attachments/>
                    <steps/>
                </step>
                <step start='1672308560164' status='passed' stop='1672308580164'>
                    <name>I wait 20</name>
                    <title>I wait 20</title>
                    <attachments/>
                    <steps/>
                </step>
                <step start='1672308580165' status='passed' stop='1672308580182'>
                    <name>I grab text from all "[data-testid="search-input"]"</name>
                    <title>I grab text from all "[data-testid="search-input"]"</title>
                    <attachments/>
                    <steps/>
                </step>
                <step start='1672308580187' status='passed' stop='1672308580321'>
                    <name>I fill field "[data-testid="search-input"]", </name>
                    <title>I fill field "[data-testid="search-input"]", </title>
                    <attachments/>
                    <steps/>
                </step>
                <step start='1672308580321' status='failed' stop='1672308584993'>
                    <name>I click </name>
                    <title>I click </title>
                    <attachments/>
                    <steps/>
                </step>
            </steps>
            <attachments>
                <attachment title='Last Seen Screenshot' source='59823ebb-e7c0-4e82-9b1c-f1a8ca368706-attachment.png' type='image/png' size='93702'/>
            </attachments>
            <failure>
                <message>page.$$: selector: expected string, got object</message>
                <stack-trace>page.$$: selector: expected string, got object
                    at Playwright.findElements (/Users/itobuz/Desktop/macbook/codeceptjs_practice/node_modules/codeceptjs/lib/helper/Playwright.js:2560:18)
                    at Playwright.findClickable (/Users/itobuz/Desktop/macbook/codeceptjs_practice/node_modules/codeceptjs/lib/helper/Playwright.js:2610:47)
                    at Playwright.proceedClick (/Users/itobuz/Desktop/macbook/codeceptjs_practice/node_modules/codeceptjs/lib/helper/Playwright.js:2583:35)</stack-trace>
            </failure>
        </test-case>
    </test-cases>
</ns2:test-suite>