<?xml version='1.0'?>
<ns2:test-suite xmlns:ns2='urn:model.allure.qatools.yandex.ru' start='1672146408736' stop='1672146427341'>
    <name>setting_test:</name>
    <title>setting_test:</title>
    <test-cases>
        <test-case start='1672146408736' status='pending' stop='1672146408736'>
            <name>go to users</name>
            <title>go to users</title>
            <labels/>
            <parameters/>
            <steps/>
            <attachments/>
            <failure>
                <message>Test ignored</message>
                <stack-trace>undefined</stack-trace>
            </failure>
        </test-case>
        <test-case start='1672146408736' status='failed' stop='1672146417628'>
            <name>go to setting</name>
            <title>go to setting</title>
            <labels/>
            <parameters/>
            <steps>
                <step start='1672146408738' status='passed' stop='1672146412940'>
                    <name>I am on page "/login"</name>
                    <title>I am on page "/login"</title>
                    <attachments/>
                    <steps/>
                </step>
                <step start='1672146412940' status='failed' stop='1672146417627'>
                    <name>I see "Continue"</name>
                    <title>I see "Continue"</title>
                    <attachments/>
                    <steps/>
                </step>
            </steps>
            <attachments/>
            <failure>
                <message>page.$: Target page, context or browser has been closed</message>
                <stack-trace>page.$: Target page, context or browser has been closed
                    at Playwright.proceedSee (/Users/itobuz/Desktop/macbook/codeceptjs_practice/node_modules/codeceptjs/lib/helper/Playwright.js:2639:31)</stack-trace>
            </failure>
        </test-case>
        <test-case start='1672146417631' status='failed' stop='1672146422553'>
            <name>go to admin</name>
            <title>go to admin</title>
            <labels/>
            <parameters/>
            <steps>
                <step start='1672146417842' status='failed' stop='1672146422553'>
                    <name>I click ".pl-4 div:nth-child(4) h3"</name>
                    <title>I click ".pl-4 div:nth-child(4) h3"</title>
                    <attachments/>
                    <steps/>
                </step>
            </steps>
            <attachments>
                <attachment title='Last Seen Screenshot' source='19b13dcb-9c3a-47c3-9092-fbb9f4ac5479-attachment.png' type='image/png' size='17707'/>
            </attachments>
            <failure>
                <message>Clickable element ".pl-4 div:nth-child(4) h3" was not found by text|CSS|XPath</message>
                <stack-trace>Error: Clickable element ".pl-4 div:nth-child(4) h3" was not found by text|CSS|XPath
                    at new ElementNotFound (/Users/itobuz/Desktop/macbook/codeceptjs_practice/node_modules/codeceptjs/lib/helper/errors/ElementNotFound.js:14:11)
                    at assertElementExists (/Users/itobuz/Desktop/macbook/codeceptjs_practice/node_modules/codeceptjs/lib/helper/Playwright.js:2811:11)
                    at Playwright.proceedClick (/Users/itobuz/Desktop/macbook/codeceptjs_practice/node_modules/codeceptjs/lib/helper/Playwright.js:2587:5)</stack-trace>
            </failure>
        </test-case>
        <test-case start='1672146422594' status='failed' stop='1672146427300'>
            <name>go to group search</name>
            <title>go to group search</title>
            <labels/>
            <parameters/>
            <steps>
                <step start='1672146422597' status='failed' stop='1672146427300'>
                    <name>I click "[href="/settings/admin/user-list"]"</name>
                    <title>I click "[href="/settings/admin/user-list"]"</title>
                    <attachments/>
                    <steps/>
                </step>
            </steps>
            <attachments>
                <attachment title='Last Seen Screenshot' source='60bf1c49-f9d4-426b-a889-73ad781ee74f-attachment.png' type='image/png' size='17707'/>
            </attachments>
            <failure>
                <message>Clickable element "[href="/settings/admin/user-list"]" was not found by text|CSS|XPath</message>
                <stack-trace>Error: Clickable element "[href="/settings/admin/user-list"]" was not found by text|CSS|XPath
                    at new ElementNotFound (/Users/itobuz/Desktop/macbook/codeceptjs_practice/node_modules/codeceptjs/lib/helper/errors/ElementNotFound.js:14:11)
                    at assertElementExists (/Users/itobuz/Desktop/macbook/codeceptjs_practice/node_modules/codeceptjs/lib/helper/Playwright.js:2811:11)
                    at Playwright.proceedClick (/Users/itobuz/Desktop/macbook/codeceptjs_practice/node_modules/codeceptjs/lib/helper/Playwright.js:2587:5)
                    at async Test.&lt;anonymous> (/Users/itobuz/Desktop/macbook/codeceptjs_practice/specs/setting_test.ts:25:21)</stack-trace>
            </failure>
        </test-case>
    </test-cases>
</ns2:test-suite>