<?xml version='1.0'?>
<ns2:test-suite xmlns:ns2='urn:model.allure.qatools.yandex.ru' start='1672135965608' stop='1672135984046'>
    <name>pretaafeedback_test:</name>
    <title>pretaafeedback_test:</title>
    <test-cases>
        <test-case start='1672135967194' status='failed' stop='1672135974469'>
            <name>login check</name>
            <title>login check</title>
            <labels/>
            <parameters/>
            <steps>
                <step start='1672135969448' status='failed' stop='1672135974468'>
                    <name>I see element "[src="./pretaa-logo.png"]"</name>
                    <title>I see element "[src="./pretaa-logo.png"]"</title>
                    <attachments/>
                    <steps/>
                </step>
            </steps>
            <attachments>
                <attachment title='Last Seen Screenshot' source='8da18b62-8ef0-4988-ba3e-4998a00c567e-attachment.png' type='image/png' size='17707'/>
            </attachments>
            <failure>
                <message></message>
                <stack-trace>undefined</stack-trace>
            </failure>
        </test-case>
        <test-case start='1672135974514' status='failed' stop='1672135979252'>
            <name>go to feedback</name>
            <title>go to feedback</title>
            <labels/>
            <parameters/>
            <steps>
                <step start='1672135974521' status='failed' stop='1672135979252'>
                    <name>I see "Events"</name>
                    <title>I see "Events"</title>
                    <attachments/>
                    <steps/>
                </step>
            </steps>
            <attachments>
                <attachment title='Last Seen Screenshot' source='3490ff36-33ca-4987-8942-20dc0b098a9d-attachment.png' type='image/png' size='17707'/>
            </attachments>
            <failure>
                <message></message>
                <stack-trace>undefined</stack-trace>
            </failure>
        </test-case>
        <test-case start='1672135979295' status='failed' stop='1672135984000'>
            <name>submit feedback</name>
            <title>submit feedback</title>
            <labels/>
            <parameters/>
            <steps>
                <step start='1672135979302' status='failed' stop='1672135984000'>
                    <name>I click "[data-test-id="star-rating"] [data-test-id="rating-inactive"]:nth-child(3)"</name>
                    <title>I click "[data-test-id="star-rating"] [data-test-id="rating-inactive"]:nth-child(3)"</title>
                    <attachments/>
                    <steps/>
                </step>
            </steps>
            <attachments>
                <attachment title='Last Seen Screenshot' source='ae621088-4ce2-42e2-af2a-8145a42fea35-attachment.png' type='image/png' size='17707'/>
            </attachments>
            <failure>
                <message>Clickable element "[data-test-id="star-rating"] [data-test-id="rating-inactive"]:nth-child(3)" was not found by text|CSS|XPath</message>
                <stack-trace>Error: Clickable element "[data-test-id="star-rating"] [data-test-id="rating-inactive"]:nth-child(3)" was not found by text|CSS|XPath
                    at new ElementNotFound (/Users/macbook/Desktop/myfirstrepo/codeceptjs_practice/node_modules/codeceptjs/lib/helper/errors/ElementNotFound.js:14:11)
                    at assertElementExists (/Users/macbook/Desktop/myfirstrepo/codeceptjs_practice/node_modules/codeceptjs/lib/helper/Playwright.js:2811:11)
                    at Playwright.proceedClick (/Users/macbook/Desktop/myfirstrepo/codeceptjs_practice/node_modules/codeceptjs/lib/helper/Playwright.js:2587:5)</stack-trace>
            </failure>
        </test-case>
    </test-cases>
</ns2:test-suite>