<?xml version='1.0'?>
<ns2:test-suite xmlns:ns2='urn:model.allure.qatools.yandex.ru' start='1672136123161' stop='1672136141651'>
    <name>pretaafeedback_test:</name>
    <title>pretaafeedback_test:</title>
    <test-cases>
        <test-case start='1672136124473' status='failed' stop='1672136132021'>
            <name>login check</name>
            <title>login check</title>
            <labels/>
            <parameters/>
            <steps>
                <step start='1672136127046' status='failed' stop='1672136132020'>
                    <name>I see element "[src="./pretaa-logo.png"]"</name>
                    <title>I see element "[src="./pretaa-logo.png"]"</title>
                    <attachments/>
                    <steps/>
                </step>
            </steps>
            <attachments>
                <attachment title='Last Seen Screenshot' source='916ab1dc-b8c2-4ae3-b5bb-df9f8c9a497e-attachment.png' type='image/png' size='17707'/>
            </attachments>
            <failure>
                <message></message>
                <stack-trace>undefined</stack-trace>
            </failure>
        </test-case>
        <test-case start='1672136132070' status='failed' stop='1672136136842'>
            <name>go to feedback</name>
            <title>go to feedback</title>
            <labels/>
            <parameters/>
            <steps>
                <step start='1672136132077' status='failed' stop='1672136136842'>
                    <name>I see "Events"</name>
                    <title>I see "Events"</title>
                    <attachments/>
                    <steps/>
                </step>
            </steps>
            <attachments>
                <attachment title='Last Seen Screenshot' source='6b3e507e-5ffe-4d37-b278-5975df5e5ad6-attachment.png' type='image/png' size='17707'/>
            </attachments>
            <failure>
                <message></message>
                <stack-trace>undefined</stack-trace>
            </failure>
        </test-case>
        <test-case start='1672136136903' status='failed' stop='1672136141603'>
            <name>submit feedback</name>
            <title>submit feedback</title>
            <labels/>
            <parameters/>
            <steps>
                <step start='1672136136908' status='failed' stop='1672136141602'>
                    <name>I click "[data-test-id="star-rating"] [data-test-id="rating-inactive"]:nth-child(2)"</name>
                    <title>I click "[data-test-id="star-rating"] [data-test-id="rating-inactive"]:nth-child(2)"</title>
                    <attachments/>
                    <steps/>
                </step>
            </steps>
            <attachments>
                <attachment title='Last Seen Screenshot' source='debe74c5-f926-4a35-8268-65dce4a6c2f5-attachment.png' type='image/png' size='17707'/>
            </attachments>
            <failure>
                <message>Clickable element "[data-test-id="star-rating"] [data-test-id="rating-inactive"]:nth-child(2)" was not found by text|CSS|XPath</message>
                <stack-trace>Error: Clickable element "[data-test-id="star-rating"] [data-test-id="rating-inactive"]:nth-child(2)" was not found by text|CSS|XPath
                    at new ElementNotFound (/Users/macbook/Desktop/myfirstrepo/codeceptjs_practice/node_modules/codeceptjs/lib/helper/errors/ElementNotFound.js:14:11)
                    at assertElementExists (/Users/macbook/Desktop/myfirstrepo/codeceptjs_practice/node_modules/codeceptjs/lib/helper/Playwright.js:2811:11)
                    at Playwright.proceedClick (/Users/macbook/Desktop/myfirstrepo/codeceptjs_practice/node_modules/codeceptjs/lib/helper/Playwright.js:2587:5)</stack-trace>
            </failure>
        </test-case>
    </test-cases>
</ns2:test-suite>