<?xml version='1.0'?>
<ns2:test-suite xmlns:ns2='urn:model.allure.qatools.yandex.ru' start='1672146009568' stop='1672146026429'>
    <name>setting_test:</name>
    <title>setting_test:</title>
    <test-cases>
        <test-case start='1672146009568' status='pending' stop='1672146009568'>
            <name>go to users</name>
            <title>go to users</title>
            <labels/>
            <parameters/>
            <steps/>
            <attachments/>
            <failure>
                <message>Test ignored</message>
                <stack-trace>undefined</stack-trace>
            </failure>
        </test-case>
        <test-case start='1672146009568' status='failed' stop='1672146016762'>
            <name>go to setting</name>
            <title>go to setting</title>
            <labels/>
            <parameters/>
            <steps>
                <step start='1672146009570' status='passed' stop='1672146012064'>
                    <name>I am on page "/login"</name>
                    <title>I am on page "/login"</title>
                    <attachments/>
                    <steps/>
                </step>
                <step start='1672146012064' status='failed' stop='1672146016762'>
                    <name>I see "Continue"</name>
                    <title>I see "Continue"</title>
                    <attachments/>
                    <steps/>
                </step>
            </steps>
            <attachments>
                <attachment title='Last Seen Screenshot' source='5d0dddc8-3c21-4152-a2e4-b336e63c0029-attachment.png' type='image/png' size='106308'/>
            </attachments>
            <failure>
                <message></message>
                <stack-trace>undefined</stack-trace>
            </failure>
        </test-case>
        <test-case start='1672146016859' status='failed' stop='1672146021542'>
            <name>go to admin</name>
            <title>go to admin</title>
            <labels/>
            <parameters/>
            <steps>
                <step start='1672146016861' status='failed' stop='1672146021542'>
                    <name>I click ".pl-4 div:nth-child(4) h3"</name>
                    <title>I click ".pl-4 div:nth-child(4) h3"</title>
                    <attachments/>
                    <steps/>
                </step>
            </steps>
            <attachments>
                <attachment title='Last Seen Screenshot' source='34d6e8e0-a2cd-4dfb-86d6-786fe2ad55f6-attachment.png' type='image/png' size='106308'/>
            </attachments>
            <failure>
                <message>Clickable element ".pl-4 div:nth-child(4) h3" was not found by text|CSS|XPath</message>
                <stack-trace>Error: Clickable element ".pl-4 div:nth-child(4) h3" was not found by text|CSS|XPath
                    at new ElementNotFound (/Users/itobuz/Desktop/macbook/codeceptjs_practice/node_modules/codeceptjs/lib/helper/errors/ElementNotFound.js:14:11)
                    at assertElementExists (/Users/itobuz/Desktop/macbook/codeceptjs_practice/node_modules/codeceptjs/lib/helper/Playwright.js:2811:11)
                    at Playwright.proceedClick (/Users/itobuz/Desktop/macbook/codeceptjs_practice/node_modules/codeceptjs/lib/helper/Playwright.js:2587:5)</stack-trace>
            </failure>
        </test-case>
        <test-case start='1672146021648' status='failed' stop='1672146026335'>
            <name>go to group search</name>
            <title>go to group search</title>
            <labels/>
            <parameters/>
            <steps>
                <step start='1672146021650' status='failed' stop='1672146026334'>
                    <name>I click "[href="/settings/admin/user-list"]"</name>
                    <title>I click "[href="/settings/admin/user-list"]"</title>
                    <attachments/>
                    <steps/>
                </step>
            </steps>
            <attachments>
                <attachment title='Last Seen Screenshot' source='babd3bd8-0a57-477f-bf57-10f6b1e68538-attachment.png' type='image/png' size='106308'/>
            </attachments>
            <failure>
                <message>Clickable element "[href="/settings/admin/user-list"]" was not found by text|CSS|XPath</message>
                <stack-trace>Error: Clickable element "[href="/settings/admin/user-list"]" was not found by text|CSS|XPath
                    at new ElementNotFound (/Users/itobuz/Desktop/macbook/codeceptjs_practice/node_modules/codeceptjs/lib/helper/errors/ElementNotFound.js:14:11)
                    at assertElementExists (/Users/itobuz/Desktop/macbook/codeceptjs_practice/node_modules/codeceptjs/lib/helper/Playwright.js:2811:11)
                    at Playwright.proceedClick (/Users/itobuz/Desktop/macbook/codeceptjs_practice/node_modules/codeceptjs/lib/helper/Playwright.js:2587:5)
                    at async Test.&lt;anonymous> (/Users/itobuz/Desktop/macbook/codeceptjs_practice/specs/setting_test.ts:25:21)</stack-trace>
            </failure>
        </test-case>
    </test-cases>
</ns2:test-suite>