<?xml version='1.0'?>
<ns2:test-suite xmlns:ns2='urn:model.allure.qatools.yandex.ru' start='1672146160703' stop='1672146177860'>
    <name>setting_test:</name>
    <title>setting_test:</title>
    <test-cases>
        <test-case start='1672146160703' status='pending' stop='1672146160703'>
            <name>go to users</name>
            <title>go to users</title>
            <labels/>
            <parameters/>
            <steps/>
            <attachments/>
            <failure>
                <message>Test ignored</message>
                <stack-trace>undefined</stack-trace>
            </failure>
        </test-case>
        <test-case start='1672146160703' status='failed' stop='1672146168145'>
            <name>go to setting</name>
            <title>go to setting</title>
            <labels/>
            <parameters/>
            <steps>
                <step start='1672146160705' status='passed' stop='1672146163429'>
                    <name>I am on page "/login"</name>
                    <title>I am on page "/login"</title>
                    <attachments/>
                    <steps/>
                </step>
                <step start='1672146163429' status='failed' stop='1672146168145'>
                    <name>I see "Continue"</name>
                    <title>I see "Continue"</title>
                    <attachments/>
                    <steps/>
                </step>
            </steps>
            <attachments>
                <attachment title='Last Seen Screenshot' source='fe9e86d4-bfa6-476d-a2ff-e6baf9b63106-attachment.png' type='image/png' size='105920'/>
            </attachments>
            <failure>
                <message></message>
                <stack-trace>undefined</stack-trace>
            </failure>
        </test-case>
        <test-case start='1672146168258' status='failed' stop='1672146172946'>
            <name>go to admin</name>
            <title>go to admin</title>
            <labels/>
            <parameters/>
            <steps>
                <step start='1672146168260' status='failed' stop='1672146172946'>
                    <name>I click ".pl-4 div:nth-child(4) h3"</name>
                    <title>I click ".pl-4 div:nth-child(4) h3"</title>
                    <attachments/>
                    <steps/>
                </step>
            </steps>
            <attachments>
                <attachment title='Last Seen Screenshot' source='0e7bc307-9ea3-4b8c-9b17-b826f930a63c-attachment.png' type='image/png' size='105920'/>
            </attachments>
            <failure>
                <message>Clickable element ".pl-4 div:nth-child(4) h3" was not found by text|CSS|XPath</message>
                <stack-trace>Error: Clickable element ".pl-4 div:nth-child(4) h3" was not found by text|CSS|XPath
                    at new ElementNotFound (/Users/itobuz/Desktop/macbook/codeceptjs_practice/node_modules/codeceptjs/lib/helper/errors/ElementNotFound.js:14:11)
                    at assertElementExists (/Users/itobuz/Desktop/macbook/codeceptjs_practice/node_modules/codeceptjs/lib/helper/Playwright.js:2811:11)
                    at Playwright.proceedClick (/Users/itobuz/Desktop/macbook/codeceptjs_practice/node_modules/codeceptjs/lib/helper/Playwright.js:2587:5)</stack-trace>
            </failure>
        </test-case>
        <test-case start='1672146173061' status='failed' stop='1672146177752'>
            <name>go to group search</name>
            <title>go to group search</title>
            <labels/>
            <parameters/>
            <steps>
                <step start='1672146173064' status='failed' stop='1672146177751'>
                    <name>I click "[href="/settings/admin/user-list"]"</name>
                    <title>I click "[href="/settings/admin/user-list"]"</title>
                    <attachments/>
                    <steps/>
                </step>
            </steps>
            <attachments>
                <attachment title='Last Seen Screenshot' source='90cddfcc-e250-496f-8c2d-8711a3a45653-attachment.png' type='image/png' size='105922'/>
            </attachments>
            <failure>
                <message>Clickable element "[href="/settings/admin/user-list"]" was not found by text|CSS|XPath</message>
                <stack-trace>Error: Clickable element "[href="/settings/admin/user-list"]" was not found by text|CSS|XPath
                    at new ElementNotFound (/Users/itobuz/Desktop/macbook/codeceptjs_practice/node_modules/codeceptjs/lib/helper/errors/ElementNotFound.js:14:11)
                    at assertElementExists (/Users/itobuz/Desktop/macbook/codeceptjs_practice/node_modules/codeceptjs/lib/helper/Playwright.js:2811:11)
                    at Playwright.proceedClick (/Users/itobuz/Desktop/macbook/codeceptjs_practice/node_modules/codeceptjs/lib/helper/Playwright.js:2587:5)
                    at async Test.&lt;anonymous> (/Users/itobuz/Desktop/macbook/codeceptjs_practice/specs/setting_test.ts:25:21)</stack-trace>
            </failure>
        </test-case>
    </test-cases>
</ns2:test-suite>